<?xml version="1.0" encoding="UTF-8"?>
<testsuite xmlns:xsi="http://www.w3.org/2001/XMLSchema-instance" xsi:noNamespaceSchemaLocation="https://maven.apache.org/surefire/maven-surefire-plugin/xsd/surefire-test-report-3.0.xsd" version="3.0" name="be.unamur.game2048.Test2048" time="0.321" tests="24" errors="0" skipped="0" failures="0">
  <properties>
[...]
</properties>
  <testcase name="testTileEqualsOk" classname="be.unamur.game2048.Test2048" time="0.007"/>
  <testcase name="testGridClearMerged" classname="be.unamur.game2048.Test2048" time="0.0"/>
  <testcase name="testTileCanMergeWithNull" classname="be.unamur.game2048.Test2048" time="0.0"/>
  <testcase name="testTileCanMergeWithSame" classname="be.unamur.game2048.Test2048" time="0.0"/>
  <testcase name="testTileSetMergedTrue" classname="be.unamur.game2048.Test2048" time="0.0"/>
  <testcase name="testTileEqualsDifferent" classname="be.unamur.game2048.Test2048" time="0.0"/>
  <testcase name="testGridDefault" classname="be.unamur.game2048.Test2048" time="0.0"/>
  <testcase name="testTileSetMergedFalse" classname="be.unamur.game2048.Test2048" time="0.003"/>
  <testcase name="testTileTostringWithGetValue" classname="be.unamur.game2048.Test2048" time="0.002"/>
  <testcase name="testGridSetTile" classname="be.unamur.game2048.Test2048" time="0.0"/>
  <testcase name="testGameControllerGetGameStateDefault" classname="be.unamur.game2048.Test2048" time="0.005"/>
  <testcase name="testTileEqualsOtherType" classname="be.unamur.game2048.Test2048" time="0.0"/>
  <testcase name="testGameControllerStartGameDefault" classname="be.unamur.game2048.Test2048" time="0.0"/>
  <testcase name="testTileTostringNormal" classname="be.unamur.game2048.Test2048" time="0.0"/>
  <testcase name="testTileCanMergeWithAlredyMerged" classname="be.unamur.game2048.Test2048" time="0.003"/>
  <testcase name="testGridGetCol" classname="be.unamur.game2048.Test2048" time="0.01"/>
  <testcase name="testGridGetRow" classname="be.unamur.game2048.Test2048" time="0.0"/>
  <testcase name="testTileEqualsWithSelf" classname="be.unamur.game2048.Test2048" time="0.0"/>
  <testcase name="testGridGetLength" classname="be.unamur.game2048.Test2048" time="0.0"/>
  <testcase name="testGridWithTiles" classname="be.unamur.game2048.Test2048" time="0.0"/>
  <testcase name="testTileCanMergeWithDifferent" classname="be.unamur.game2048.Test2048" time="0.003"/>
  <testcase name="testTileMergeWithSame" classname="be.unamur.game2048.Test2048" time="0.0"/>
  <testcase name="testTileMergeWithDifferent" classname="be.unamur.game2048.Test2048" time="0.001"/>
  <testcase name="testTileEqualsNull" classname="be.unamur.game2048.Test2048" time="0.0"/>
</testsuite>